<?xml version="1.0" encoding="UTF-8"?>
<!-- Generated by org.testng.reporters.JUnitReportReporter -->
<testsuite hostname="Umendra-PC" name="FB_TestCases.FB_SendMsg" tests="1" failures="0" timestamp="25 Dec 2016 05:39:16 GMT" time="112.894" errors="0">
  <testcase name="tc" time="112.894" classname="FB_TestCases.FB_SendMsg"/>
</testsuite> <!-- FB_TestCases.FB_SendMsg -->
